<?xml version="1.0" encoding="UTF-8"?>
<!-- Generated by org.testng.reporters.JUnitXMLReporter -->
<testsuite ignored="0" hostname="sanjayas-MacBook-Air.local" failures="0" tests="5" name="Default test" time="25.727" errors="0" timestamp="2021-01-16T13:18:52 CST">
  <testcase classname="com.datadriven.test.OrangeHrmTest" name="orangeHrmRegPageTest" time="1.075"/>
  <testcase classname="com.datadriven.test.OrangeHrmTest" name="orangeHrmRegPageTest" time="1.025"/>
  <testcase classname="com.datadriven.test.OrangeHrmTest" name="orangeHrmRegPageTest" time="1.024"/>
  <testcase classname="com.datadriven.test.OrangeHrmTest" name="orangeHrmRegPageTest" time="1.145"/>
  <testcase classname="com.datadriven.test.OrangeHrmTest" name="orangeHrmRegPageTest" time="0.982"/>
</testsuite> <!-- Default test -->
